2020-07-20 05:06:28,203 INFO org.springframework.scheduling.concurrent.ThreadPoolTaskExecutor [Thread-5577] Shutting down ExecutorService 'applicationTaskExecutor'
2020-07-20 05:06:29,587 INFO com.predecode.jwt.JwtApplication [restartedMain] Application Start....
2020-07-20 05:06:44,684 WARN org.springframework.boot.StartupInfoLogger [restartedMain] InetAddress.getLocalHost().getHostName() took 5004 milliseconds to respond. Please verify your network configuration (macOS machines may need to add entries to /etc/hosts).
2020-07-20 05:06:49,690 INFO com.predecode.jwt.JwtApplication [restartedMain] Starting JwtApplication on Sumits-MacBook-Air.local with PID 54005 (/Users/sumitsingh/Downloads/PredecodeApp/jwt/target/classes started by sumitsingh in /Users/sumitsingh/Downloads/PredecodeApp/jwt)
2020-07-20 05:06:49,691 INFO com.predecode.jwt.JwtApplication [restartedMain] No active profile set, falling back to default profiles: default
2020-07-20 05:06:50,565 INFO org.springframework.data.repository.config.RepositoryConfigurationDelegate [restartedMain] Bootstrapping Spring Data MongoDB repositories in DEFAULT mode.
2020-07-20 05:06:50,592 INFO org.springframework.data.repository.config.RepositoryConfigurationDelegate [restartedMain] Finished Spring Data repository scanning in 26ms. Found 3 MongoDB repository interfaces.
2020-07-20 05:06:50,798 INFO org.springframework.context.support.PostProcessorRegistrationDelegate$BeanPostProcessorChecker [restartedMain] Bean 'org.springframework.security.access.expression.method.DefaultMethodSecurityExpressionHandler@250e3776' of type [org.springframework.security.access.expression.method.DefaultMethodSecurityExpressionHandler] is not eligible for getting processed by all BeanPostProcessors (for example: not eligible for auto-proxying)
2020-07-20 05:06:50,800 INFO org.springframework.context.support.PostProcessorRegistrationDelegate$BeanPostProcessorChecker [restartedMain] Bean 'methodSecurityMetadataSource' of type [org.springframework.security.access.method.DelegatingMethodSecurityMetadataSource] is not eligible for getting processed by all BeanPostProcessors (for example: not eligible for auto-proxying)
2020-07-20 05:06:50,965 INFO org.springframework.boot.web.embedded.tomcat.TomcatWebServer [restartedMain] Tomcat initialized with port(s): 8080 (http)
2020-07-20 05:06:50,966 INFO org.apache.coyote.http11.Http11NioProtocol [restartedMain] Initializing ProtocolHandler ["http-nio-8080"]
2020-07-20 05:06:50,968 INFO org.apache.catalina.core.StandardService [restartedMain] Starting service [Tomcat]
2020-07-20 05:06:50,968 INFO org.apache.catalina.core.StandardEngine [restartedMain] Starting Servlet engine: [Apache Tomcat/9.0.35]
2020-07-20 05:06:50,988 INFO org.apache.catalina.core.ContainerBase.[Tomcat-2].[localhost].[/] [restartedMain] Initializing Spring embedded WebApplicationContext
2020-07-20 05:06:50,988 INFO org.springframework.web.context.ContextLoader [restartedMain] Root WebApplicationContext: initialization completed in 1292 ms
2020-07-20 05:06:51,177 INFO org.mongodb.driver.cluster [restartedMain] Cluster created with settings {hosts=[localhost:27017], mode=SINGLE, requiredClusterType=UNKNOWN, serverSelectionTimeout='30000 ms'}
2020-07-20 05:06:51,254 INFO org.mongodb.driver.connection [cluster-ClusterId{value='5f14d913cf27ee677cf6896f', description='null'}-localhost:27017] Opened connection [connectionId{localValue:44, serverValue:103}] to localhost:27017
2020-07-20 05:06:51,258 INFO org.mongodb.driver.cluster [cluster-ClusterId{value='5f14d913cf27ee677cf6896f', description='null'}-localhost:27017] Monitor thread successfully connected to server with description ServerDescription{address=localhost:27017, type=STANDALONE, state=CONNECTED, ok=true, minWireVersion=0, maxWireVersion=8, maxDocumentSize=16777216, logicalSessionTimeoutMinutes=30, roundTripTimeNanos=387270}
2020-07-20 05:06:51,264 INFO org.springframework.boot.devtools.autoconfigure.OptionalLiveReloadServer [restartedMain] LiveReload server is running on port 35729
2020-07-20 05:06:51,380 INFO springfox.documentation.spring.web.PropertySourcedRequestMappingHandlerMapping [restartedMain] Mapped URL path [/v2/api-docs] onto method [springfox.documentation.swagger2.web.Swagger2Controller#getDocumentation(String, HttpServletRequest)]
2020-07-20 05:06:51,432 INFO org.springframework.security.web.DefaultSecurityFilterChain [restartedMain] Creating filter chain: any request, [org.springframework.security.web.context.request.async.WebAsyncManagerIntegrationFilter@561cbbd0, org.springframework.security.web.context.SecurityContextPersistenceFilter@11efbf17, org.springframework.security.web.header.HeaderWriterFilter@37a7844a, org.springframework.web.filter.CorsFilter@2f0b84f6, org.springframework.security.web.authentication.logout.LogoutFilter@1a3e586e, com.predecode.jwt.Auth.AuthTokenFilter@5b5b7149, org.springframework.security.web.savedrequest.RequestCacheAwareFilter@17fbcae9, org.springframework.security.web.servletapi.SecurityContextHolderAwareRequestFilter@1cf58988, org.springframework.security.web.authentication.AnonymousAuthenticationFilter@35b1714c, org.springframework.security.web.session.SessionManagementFilter@17efa6b6, org.springframework.security.web.access.ExceptionTranslationFilter@583bd526, org.springframework.security.web.access.intercept.FilterSecurityInterceptor@2c061146]
2020-07-20 05:06:51,461 INFO org.springframework.scheduling.concurrent.ThreadPoolTaskExecutor [restartedMain] Initializing ExecutorService 'applicationTaskExecutor'
2020-07-20 05:06:51,561 INFO org.apache.coyote.http11.Http11NioProtocol [restartedMain] Starting ProtocolHandler ["http-nio-8080"]
2020-07-20 05:06:51,567 INFO org.springframework.boot.web.embedded.tomcat.TomcatWebServer [restartedMain] Tomcat started on port(s): 8080 (http) with context path ''
2020-07-20 05:06:51,567 INFO springfox.documentation.spring.web.plugins.DocumentationPluginsBootstrapper [restartedMain] Context refreshed
2020-07-20 05:06:51,568 INFO springfox.documentation.spring.web.plugins.DocumentationPluginsBootstrapper [restartedMain] Found 1 custom documentation plugin(s)
2020-07-20 05:06:51,572 INFO springfox.documentation.spring.web.scanners.ApiListingReferenceScanner [restartedMain] Scanning for api listing references
2020-07-20 05:06:51,605 INFO com.predecode.jwt.JwtApplication [restartedMain] Started JwtApplication in 22.003 seconds (JVM running for 43895.419)
2020-07-20 05:06:51,606 INFO org.springframework.boot.devtools.autoconfigure.ConditionEvaluationDeltaLoggingListener [restartedMain] Condition evaluation unchanged
2020-07-20 05:07:22,240 INFO org.apache.catalina.core.ContainerBase.[Tomcat-2].[localhost].[/] [http-nio-8080-exec-1] Initializing Spring DispatcherServlet 'dispatcherServlet'
2020-07-20 05:07:22,242 INFO org.springframework.web.servlet.DispatcherServlet [http-nio-8080-exec-1] Initializing Servlet 'dispatcherServlet'
2020-07-20 05:07:22,276 INFO org.springframework.web.servlet.DispatcherServlet [http-nio-8080-exec-1] Completed initialization in 33 ms
2020-07-20 05:07:53,484 INFO org.mongodb.driver.connection [http-nio-8080-exec-10] Opened connection [connectionId{localValue:45, serverValue:104}] to localhost:27017
2020-07-20 05:07:53,887 INFO com.predecode.jwt.controller.AuthController [http-nio-8080-exec-10] signin : com.predecode.jwt.services.impl.UserDetailsImpl@6c18331a
2020-07-20 05:09:47,965 INFO org.springframework.scheduling.concurrent.ThreadPoolTaskExecutor [Thread-5746] Shutting down ExecutorService 'applicationTaskExecutor'
2020-07-20 05:09:47,968 INFO org.mongodb.driver.connection [Thread-5746] Closed connection [connectionId{localValue:45, serverValue:104}] to localhost:27017 because the pool has been closed.
2020-07-20 05:09:48,386 INFO com.predecode.jwt.JwtApplication [restartedMain] Application Start....
2020-07-20 05:10:03,452 WARN org.springframework.boot.StartupInfoLogger [restartedMain] InetAddress.getLocalHost().getHostName() took 5006 milliseconds to respond. Please verify your network configuration (macOS machines may need to add entries to /etc/hosts).
2020-07-20 05:10:08,457 INFO com.predecode.jwt.JwtApplication [restartedMain] Starting JwtApplication on Sumits-MacBook-Air.local with PID 54005 (/Users/sumitsingh/Downloads/PredecodeApp/jwt/target/classes started by sumitsingh in /Users/sumitsingh/Downloads/PredecodeApp/jwt)
2020-07-20 05:10:08,457 INFO com.predecode.jwt.JwtApplication [restartedMain] No active profile set, falling back to default profiles: default
2020-07-20 05:10:08,965 INFO org.springframework.data.repository.config.RepositoryConfigurationDelegate [restartedMain] Bootstrapping Spring Data MongoDB repositories in DEFAULT mode.
2020-07-20 05:10:08,986 INFO org.springframework.data.repository.config.RepositoryConfigurationDelegate [restartedMain] Finished Spring Data repository scanning in 21ms. Found 3 MongoDB repository interfaces.
2020-07-20 05:10:09,076 INFO org.springframework.context.support.PostProcessorRegistrationDelegate$BeanPostProcessorChecker [restartedMain] Bean 'org.springframework.security.access.expression.method.DefaultMethodSecurityExpressionHandler@7733bf6e' of type [org.springframework.security.access.expression.method.DefaultMethodSecurityExpressionHandler] is not eligible for getting processed by all BeanPostProcessors (for example: not eligible for auto-proxying)
2020-07-20 05:10:09,078 INFO org.springframework.context.support.PostProcessorRegistrationDelegate$BeanPostProcessorChecker [restartedMain] Bean 'methodSecurityMetadataSource' of type [org.springframework.security.access.method.DelegatingMethodSecurityMetadataSource] is not eligible for getting processed by all BeanPostProcessors (for example: not eligible for auto-proxying)
2020-07-20 05:10:09,154 INFO org.springframework.boot.web.embedded.tomcat.TomcatWebServer [restartedMain] Tomcat initialized with port(s): 8080 (http)
2020-07-20 05:10:09,155 INFO org.apache.coyote.http11.Http11NioProtocol [restartedMain] Initializing ProtocolHandler ["http-nio-8080"]
2020-07-20 05:10:09,156 INFO org.apache.catalina.core.StandardService [restartedMain] Starting service [Tomcat]
2020-07-20 05:10:09,156 INFO org.apache.catalina.core.StandardEngine [restartedMain] Starting Servlet engine: [Apache Tomcat/9.0.35]
2020-07-20 05:10:09,168 INFO org.apache.catalina.core.ContainerBase.[Tomcat-2].[localhost].[/] [restartedMain] Initializing Spring embedded WebApplicationContext
2020-07-20 05:10:09,168 INFO org.springframework.web.context.ContextLoader [restartedMain] Root WebApplicationContext: initialization completed in 707 ms
2020-07-20 05:10:09,250 INFO org.mongodb.driver.cluster [restartedMain] Cluster created with settings {hosts=[localhost:27017], mode=SINGLE, requiredClusterType=UNKNOWN, serverSelectionTimeout='30000 ms'}
2020-07-20 05:10:09,256 INFO org.mongodb.driver.connection [cluster-ClusterId{value='5f14d9d9cf27ee677cf68970', description='null'}-localhost:27017] Opened connection [connectionId{localValue:46, serverValue:105}] to localhost:27017
2020-07-20 05:10:09,263 INFO org.mongodb.driver.cluster [cluster-ClusterId{value='5f14d9d9cf27ee677cf68970', description='null'}-localhost:27017] Monitor thread successfully connected to server with description ServerDescription{address=localhost:27017, type=STANDALONE, state=CONNECTED, ok=true, minWireVersion=0, maxWireVersion=8, maxDocumentSize=16777216, logicalSessionTimeoutMinutes=30, roundTripTimeNanos=499486}
2020-07-20 05:10:09,397 INFO org.springframework.boot.devtools.autoconfigure.OptionalLiveReloadServer [restartedMain] LiveReload server is running on port 35729
2020-07-20 05:10:09,592 INFO springfox.documentation.spring.web.PropertySourcedRequestMappingHandlerMapping [restartedMain] Mapped URL path [/v2/api-docs] onto method [springfox.documentation.swagger2.web.Swagger2Controller#getDocumentation(String, HttpServletRequest)]
2020-07-20 05:10:09,672 INFO org.springframework.security.web.DefaultSecurityFilterChain [restartedMain] Creating filter chain: any request, [org.springframework.security.web.context.request.async.WebAsyncManagerIntegrationFilter@3e00ee24, org.springframework.security.web.context.SecurityContextPersistenceFilter@51721b58, org.springframework.security.web.header.HeaderWriterFilter@688617c8, org.springframework.web.filter.CorsFilter@5e36d7ae, org.springframework.security.web.authentication.logout.LogoutFilter@4c75ed9c, com.predecode.jwt.Auth.AuthTokenFilter@453aa6df, org.springframework.security.web.savedrequest.RequestCacheAwareFilter@213dbe37, org.springframework.security.web.servletapi.SecurityContextHolderAwareRequestFilter@79ddd58f, org.springframework.security.web.authentication.AnonymousAuthenticationFilter@5424142a, org.springframework.security.web.session.SessionManagementFilter@653230f8, org.springframework.security.web.access.ExceptionTranslationFilter@38f918d1, org.springframework.security.web.access.intercept.FilterSecurityInterceptor@622f465f]
2020-07-20 05:10:09,709 INFO org.springframework.scheduling.concurrent.ThreadPoolTaskExecutor [restartedMain] Initializing ExecutorService 'applicationTaskExecutor'
2020-07-20 05:10:09,764 INFO org.apache.coyote.http11.Http11NioProtocol [restartedMain] Starting ProtocolHandler ["http-nio-8080"]
2020-07-20 05:10:09,769 INFO org.springframework.boot.web.embedded.tomcat.TomcatWebServer [restartedMain] Tomcat started on port(s): 8080 (http) with context path ''
2020-07-20 05:10:09,770 INFO springfox.documentation.spring.web.plugins.DocumentationPluginsBootstrapper [restartedMain] Context refreshed
2020-07-20 05:10:09,772 INFO springfox.documentation.spring.web.plugins.DocumentationPluginsBootstrapper [restartedMain] Found 1 custom documentation plugin(s)
2020-07-20 05:10:09,781 INFO springfox.documentation.spring.web.scanners.ApiListingReferenceScanner [restartedMain] Scanning for api listing references
2020-07-20 05:10:09,881 INFO com.predecode.jwt.JwtApplication [restartedMain] Started JwtApplication in 21.488 seconds (JVM running for 44093.69)
2020-07-20 05:10:09,885 INFO org.springframework.boot.devtools.autoconfigure.ConditionEvaluationDeltaLoggingListener [restartedMain] Condition evaluation unchanged
